This is pdfTeX, Version 3.14159265-2.6-1.40.20 (MiKTeX 2.9.7200 64-bit) (preloaded format=pdflatex 2019.11.11)  20 FEB 2020 16:48
entering extended mode
**X
("C:\Program Files\MiKTeX 2.9\tex/latex/tools\X.tex"
! Interruption.
<to be read again> 
                   \begingroup 
l.1 
    %%
? X
 
Here is how much of TeX's memory you used:
 7 strings out of 492450
 191 string characters out of 3129724
 58902 words of memory out of 3000000
 4468 multiletter control sequences out of 15000+200000
 3640 words of font info for 14 fonts, out of 3000000 for 9000
 1141 hyphenation exceptions out of 8191
 3i,0n,1p,9b,6s stack positions out of 5000i,500n,10000p,200000b,50000s
No pages of output.
PDF statistics:
 0 PDF objects out of 1000 (max. 8388607)
 0 named destinations out of 1000 (max. 500000)
 1 words of extra memory for PDF output out of 10000 (max. 10000000)

